<?xml version="1.0" encoding="UTF-8"?>
<testng-results ignored="0" total="1" passed="1" failed="0" skipped="0">
  <reporter-output>
  </reporter-output>
  <suite started-at="2022-08-24T20:22:15 IST" name="InetBanking" finished-at="2022-08-24T20:23:11 IST" duration-ms="55758">
    <groups>
    </groups>
    <test started-at="2022-08-24T20:22:15 IST" name="BankingApp Test" finished-at="2022-08-24T20:23:11 IST" duration-ms="55758">
      <class name="com.inetbanking.testCases.TC_001_LoginTest">
        <test-method is-config="true" signature="setup(java.lang.String)[pri:0, instance:com.inetbanking.testCases.TC_001_LoginTest@f5ac9e4]" started-at="2022-08-24T20:22:16 IST" name="setup" finished-at="2022-08-24T20:22:45 IST" duration-ms="29299" status="PASS">
          <params>
            <param index="0">
              <value>
                <![CDATA[chrome]]>
              </value>
            </param>
          </params>
          <reporter-output>
          </reporter-output>
        </test-method> <!-- setup -->
        <test-method signature="loginTest()[pri:0, instance:com.inetbanking.testCases.TC_001_LoginTest@f5ac9e4]" started-at="2022-08-24T20:22:45 IST" name="loginTest" finished-at="2022-08-24T20:23:08 IST" duration-ms="22471" status="PASS">
          <reporter-output>
          </reporter-output>
        </test-method> <!-- loginTest -->
        <test-method is-config="true" signature="tearDown()[pri:0, instance:com.inetbanking.testCases.TC_001_LoginTest@f5ac9e4]" started-at="2022-08-24T20:23:08 IST" name="tearDown" finished-at="2022-08-24T20:23:11 IST" duration-ms="3105" status="PASS">
          <reporter-output>
          </reporter-output>
        </test-method> <!-- tearDown -->
      </class> <!-- com.inetbanking.testCases.TC_001_LoginTest -->
    </test> <!-- BankingApp Test -->
  </suite> <!-- InetBanking -->
</testng-results>
